[2021-06-02T11:47:57.785] [ERROR] app - {
  message: 'body-username is must be string and under 10 words',
  status: 400
}
[2021-06-02T11:48:45.089] [ERROR] app - {
  message: 'body-username is must be string and under 10 words',
  status: 400
}
[2021-06-02T11:48:54.154] [ERROR] app - {
  message: 'body-username is must be string and under 10 words',
  status: 400
}
[2021-06-02T11:49:25.152] [ERROR] app - {
  message: 'body-username is must be string and under 10 words',
  status: 400
}
[2021-06-02T11:50:27.888] [ERROR] app - {
  message: 'body-username is must be string and under 10 words',
  status: 400
}
[2021-06-02T11:57:49.379] [ERROR] app - {
  message: 'body-username is must be string and under 10 words',
  status: 400
}
[2021-06-02T11:57:51.835] [ERROR] app - {
  message: 'body-username is must be string and under 10 words',
  status: 400
}
[2021-06-02T11:58:08.990] [ERROR] app - {
  message: 'body-username is must be string and under 10 words',
  status: 400
}
[2021-06-02T11:58:11.423] [ERROR] app - {
  message: 'body-username is must be string and under 10 words',
  status: 400
}
[2021-06-02T12:05:32.844] [ERROR] app - {
  message: 'body-username is must be string and under 10 words',
  status: 400
}
[2021-06-02T12:05:36.879] [ERROR] app - {
  message: 'body-username is must be string and under 10 words',
  status: 400
}
[2021-06-02T12:06:14.332] [ERROR] app - {
  message: 'body-username is must be string and under 10 words',
  status: 400
}
[2021-06-02T12:07:28.059] [ERROR] app - {
  message: 'body-username is must be string and under 10 words',
  status: 400
}
[2021-06-02T12:11:16.925] [ERROR] app - {
  message: 'body-password must be string and has special character and over 8 under 16',
  status: 400
}
[2021-06-02T12:11:24.774] [ERROR] app - {
  message: 'body-password must be string and has special character and over 8 under 16',
  status: 400
}
[2021-06-02T12:11:31.389] [ERROR] app - {
  message: 'body-password must be string and has special character and over 8 under 16',
  status: 400
}
[2021-06-02T12:11:54.738] [ERROR] app - {
  message: 'body-password must be string and has special character and over 8 under 16',
  status: 400
}
[2021-06-02T12:15:27.259] [ERROR] app - {
  message: 'body-password must be string and has special character and over 8 under 16',
  status: 400
}
[2021-06-02T12:18:01.774] [ERROR] app - {
  message: 'body-password must be string and has special character and over 8 under 16',
  status: 400
}
[2021-06-02T12:18:05.435] [ERROR] app - {
  message: 'body-username is must be string and under 10 words',
  status: 400
}
[2021-06-02T12:18:10.785] [ERROR] app - {
  message: 'body-password must be string and has special character and over 8 under 16',
  status: 400
}
[2021-06-02T12:18:23.916] [ERROR] app - {
  message: 'body-password must be string and has special character and over 8 under 16',
  status: 400
}
[2021-06-02T12:19:09.837] [ERROR] app - {
  message: 'body-username is must be string and under 10 words',
  status: 400
}
[2021-06-02T12:20:15.954] [ERROR] app - {
  message: 'body-password must be string and has special character and over 8 under 16',
  status: 400
}
[2021-06-02T12:21:15.422] [ERROR] app - {
  message: 'body-password must be string and has special character and over 8 under 16',
  status: 400
}
[2021-06-02T12:21:30.051] [ERROR] app - {
  message: 'body-password must be string and has special character and over 8 under 16',
  status: 400
}
[2021-06-02T12:21:51.450] [ERROR] app - {
  message: 'body-password must be string and has special character and over 8 under 16',
  status: 400
}
[2021-06-02T12:22:34.879] [ERROR] app - {
  message: 'body-password must be string and has special character and over 8 under 16',
  status: 400
}
[2021-06-02T12:22:42.784] [ERROR] app - {
  message: 'body-password must be string and has special character and over 8 under 16',
  status: 400
}
[2021-06-02T12:22:46.957] [ERROR] app - {
  message: 'body-password must be string and has special character and over 8 under 16',
  status: 400
}
[2021-06-02T12:22:56.733] [ERROR] app - {
  message: 'body-password must be string and has special character and over 8 under 16',
  status: 400
}
[2021-06-02T12:23:02.383] [ERROR] app - {
  message: 'body-password must be string and has special character and over 8 under 16',
  status: 400
}
[2021-06-02T12:23:59.992] [ERROR] app - {
  message: 'body-password must be string and has special character and over 8 under 16',
  status: 400
}
[2021-06-02T12:24:05.185] [ERROR] app - {
  message: 'body-password must be string and has special character and over 8 under 16',
  status: 400
}
[2021-06-02T12:31:02.897] [ERROR] app - {
  message: 'body-password must be string and has special character and over 8 under 16',
  status: 400
}
[2021-06-02T12:31:12.796] [ERROR] app - {
  message: 'body-password must be string and has special character and over 8 under 16',
  status: 400
}
[2021-06-02T12:38:29.666] [ERROR] app - {
  message: 'body-password must be string and has special character and over 8 under 16',
  status: 400
}
[2021-06-02T12:38:37.853] [ERROR] app - {
  message: 'body-password must be string and has special character and over 8 under 16',
  status: 400
}
[2021-06-02T12:39:38.004] [ERROR] app - {
  message: 'body-password must be string and has special character and over 8 under 16',
  status: 400
}
[2021-06-02T12:40:08.600] [ERROR] app - {
  message: 'body-password must be string and has special character and over 8 under 16',
  status: 400
}
[2021-06-02T12:40:35.982] [ERROR] app - {
  message: 'body-password must be string and has special character and over 8 under 16',
  status: 400
}
[2021-06-02T12:41:40.864] [ERROR] app - {
  message: 'body-password must be string and has special character and over 8 under 16',
  status: 400
}
[2021-06-02T12:42:06.509] [ERROR] app - {
  message: 'body-password must be string and has special character and over 8 under 16',
  status: 400
}
[2021-06-02T12:42:42.766] [ERROR] app - {
  message: 'body-password must be string and has special character and over 8 under 16',
  status: 400
}
[2021-06-02T12:43:34.388] [ERROR] app - {
  message: 'body-password must be string and has special character and over 8 under 16',
  status: 400
}
[2021-06-02T12:43:42.911] [ERROR] app - {
  message: 'body-password must be string and has special character and over 8 under 16',
  status: 400
}
[2021-06-02T12:44:06.009] [ERROR] app - {
  message: 'body-password must be string and has special character and over 8 under 16',
  status: 400
}
[2021-06-02T12:44:27.909] [ERROR] app - {
  message: 'body-password must be string and has special character and over 8 under 16',
  status: 400
}
[2021-06-02T12:45:30.544] [ERROR] app - {
  message: 'body-password must be string and has special character and over 8 under 16',
  status: 400
}
[2021-06-02T12:45:41.343] [ERROR] app - {
  message: 'body-password must be string and has special character and over 8 under 16',
  status: 400
}
