[2021-05-30T08:08:12.038] [ERROR] app - {
  message: 'body-username is must be string and under 10 words',
  status: 400
}
[2021-05-30T11:44:58.460] [ERROR] app - { message: 'param-id must ber number', status: 400 }
[2021-05-30T12:02:10.522] [ERROR] app - {
  message: 'body-username is must be string and under 10 words',
  status: 400
}
[2021-05-30T12:02:15.620] [ERROR] app - {
  message: 'body-username is must be string and under 10 words',
  status: 400
}
[2021-05-30T12:02:22.275] [ERROR] app - {
  message: 'body-username is must be string and under 10 words',
  status: 400
}
[2021-05-30T12:02:34.438] [ERROR] app - {
  message: 'body-username is must be string and under 10 words',
  status: 400
}
[2021-05-30T12:02:44.781] [ERROR] app - {
  message: 'body-username is must be string and under 10 words',
  status: 400
}
[2021-05-30T13:28:25.542] [ERROR] app - {
  message: 'body-username is must be string and under 10 words',
  status: 400
}
[2021-05-30T13:28:33.897] [ERROR] app - {
  message: 'body-username is must be string and under 10 words',
  status: 400
}
