[2021-05-27T11:03:26.129] [ERROR] app - {
  message: '"username" length must be at least 3 characters long',
  status: undefined
}
[2021-05-27T11:08:26.648] [ERROR] app - {
  message: '"username" length must be at least 3 characters long',
  status: 500
}
[2021-05-27T11:17:22.971] [ERROR] app - {
  message: 'body-password must be string and has special character and over 8 under 16',
  status: 400
}
[2021-05-27T11:37:30.388] [ERROR] app - {
  message: 'body-password must be string and has special character and over 8 under 16',
  status: 400
}
[2021-05-27T11:37:38.028] [ERROR] app - {
  message: 'body-password must be string and has special character and over 8 under 16',
  status: 400
}
[2021-05-27T11:41:19.122] [ERROR] app - {
  message: 'body-password must be string and has special character and over 8 under 16',
  status: 400
}
[2021-05-27T11:41:33.718] [ERROR] app - {
  message: 'body-password must be string and has special character and over 8 under 16',
  status: 400
}
[2021-05-27T11:41:39.128] [ERROR] app - {
  message: 'body-password must be string and has special character and over 8 under 16',
  status: 400
}
[2021-05-27T11:42:09.728] [ERROR] app - {
  message: 'body-password must be string and has special character and over 8 under 16',
  status: 400
}
[2021-05-27T11:42:21.377] [ERROR] app - {
  message: 'body-password must be string and has special character and over 8 under 16',
  status: 400
}
[2021-05-27T11:44:11.609] [ERROR] app - {
  message: 'body-password must be string and has special character and over 8 under 16',
  status: 400
}
[2021-05-27T11:46:06.278] [ERROR] app - {
  message: 'body-username is must be string and under 10 words',
  status: 400
}
[2021-05-27T12:35:07.192] [ERROR] app - {
  message: 'body-username is must be string and under 10 words',
  status: 400
}
[2021-05-27T12:39:59.745] [ERROR] app - {
  message: 'body-username is must be string and under 10 words',
  status: 400
}
[2021-05-27T12:40:31.852] [ERROR] app - {
  message: 'body-username is must be string and under 10 words',
  status: 400
}
[2021-05-27T12:41:09.874] [ERROR] app - {
  message: 'body-username is must be string and under 10 words',
  status: 400
}
[2021-05-27T12:42:23.306] [ERROR] app - {
  message: 'body-username is must be string and under 10 words',
  status: 400
}
[2021-05-27T13:50:45.313] [ERROR] app - { message: 'Authentication Error', status: 401 }
